[28/Jun/2015 22:04:09]"GET / HTTP/1.1" 200 5370
[28/Jun/2015 22:04:09]"GET /static/site/js/site.js HTTP/1.1" 200 363
[28/Jun/2015 22:04:09]"GET /static/site/css/main.css HTTP/1.1" 200 3378
[28/Jun/2015 22:04:09]"GET /static/site/img/logo.png HTTP/1.1" 200 535
[28/Jun/2015 22:04:09]"GET /static/bootstrap/js/bootstrap.min.js HTTP/1.1" 200 27748
[28/Jun/2015 22:04:09]"GET /media/default_profile.png.30x30_q85_crop.png HTTP/1.1" 200 1006
[28/Jun/2015 22:04:09]"GET /static/bootstrap/css/bootstrap.min.css HTTP/1.1" 200 125532
[28/Jun/2015 22:04:10]"GET /static/site/img/banner.jpg HTTP/1.1" 200 120347
[28/Jun/2015 22:04:11]"GET /static/site/ico/favicon.ico HTTP/1.1" 200 1367
[28/Jun/2015 22:04:11]"GET /admin/ HTTP/1.1" 200 9026
[28/Jun/2015 22:04:12]"GET /static/bootstrap/fonts/glyphicons-halflings-regular.woff2 HTTP/1.1" 200 18028
[28/Jun/2015 22:04:12]"GET /favicon.ico HTTP/1.1" 404 3904
[28/Jun/2015 22:04:20]"GET / HTTP/1.1" 200 5370
[28/Jun/2015 22:04:23]"GET /users/me HTTP/1.1" 200 5086
[28/Jun/2015 22:06:16]"GET / HTTP/1.1" 200 5370
[28/Jun/2015 22:12:11]"GET / HTTP/1.1" 200 5327
[28/Jun/2015 22:12:12]"GET /about/ HTTP/1.1" 200 6844
[28/Jun/2015 22:12:13]"GET / HTTP/1.1" 200 5327
[28/Jun/2015 22:12:15]"GET / HTTP/1.1" 200 5327
[28/Jun/2015 22:12:18]"GET /about/ HTTP/1.1" 200 6844
[28/Jun/2015 22:12:21]"GET / HTTP/1.1" 200 5327
[28/Jun/2015 22:14:08]"GET / HTTP/1.1" 200 5329
[28/Jun/2015 22:14:09]"GET /static/site/css/main.css HTTP/1.1" 200 3378
[28/Jun/2015 22:14:09]"GET /static/bootstrap/js/bootstrap.min.js HTTP/1.1" 200 27748
[28/Jun/2015 22:14:09]"GET /static/site/js/site.js HTTP/1.1" 200 363
[28/Jun/2015 22:14:09]"GET /static/site/img/logo.png HTTP/1.1" 200 535
[28/Jun/2015 22:14:09]"GET /media/default_profile.png.30x30_q85_crop.png HTTP/1.1" 200 1006
[28/Jun/2015 22:14:09]"GET /static/bootstrap/css/bootstrap.min.css HTTP/1.1" 200 125532
[28/Jun/2015 22:14:10]"GET /static/site/img/banner.jpg HTTP/1.1" 200 120347
[28/Jun/2015 22:14:10]"GET /static/site/ico/favicon.ico HTTP/1.1" 200 1367
[28/Jun/2015 22:15:34]"GET /favicon.ico HTTP/1.1" 404 3904
[28/Jun/2015 22:16:09]"GET /about/ HTTP/1.1" 200 6844
[28/Jun/2015 22:16:13]"GET / HTTP/1.1" 200 5340
[28/Jun/2015 22:26:51]"GET /about/ HTTP/1.1" 200 6844
[28/Jun/2015 22:27:01]"GET / HTTP/1.1" 200 4800
[28/Jun/2015 22:27:04]"GET /about/ HTTP/1.1" 200 6844
[28/Jun/2015 22:28:10]"GET /about/ HTTP/1.1" 200 6875
[28/Jun/2015 22:28:11]"GET /static/site/css/main.css HTTP/1.1" 200 3378
[28/Jun/2015 22:28:11]"GET /static/site/img/logo.png HTTP/1.1" 200 535
[28/Jun/2015 22:28:11]"GET /static/bootstrap/js/bootstrap.min.js HTTP/1.1" 200 27748
[28/Jun/2015 22:28:11]"GET /static/bootstrap/css/bootstrap.min.css HTTP/1.1" 200 125532
[28/Jun/2015 22:28:11]"GET /media/default_profile.png.30x30_q85_crop.png HTTP/1.1" 200 1006
[28/Jun/2015 22:28:12]"GET /static/site/ico/favicon.ico HTTP/1.1" 200 1367
[28/Jun/2015 22:30:25]"GET /about/ HTTP/1.1" 200 6923
[28/Jun/2015 22:30:26]"GET /static/site/css/main.css HTTP/1.1" 200 3378
[28/Jun/2015 22:30:26]"GET /static/bootstrap/js/bootstrap.min.js HTTP/1.1" 200 27748
[28/Jun/2015 22:30:26]"GET /static/site/img/logo.png HTTP/1.1" 200 535
[28/Jun/2015 22:30:26]"GET /media/default_profile.png.30x30_q85_crop.png HTTP/1.1" 200 1006
[28/Jun/2015 22:30:26]"GET /static/bootstrap/css/bootstrap.min.css HTTP/1.1" 200 125532
[28/Jun/2015 22:30:27]"GET /static/site/ico/favicon.ico HTTP/1.1" 200 1367
[28/Jun/2015 22:30:56]"GET /about/ HTTP/1.1" 200 6923
[28/Jun/2015 22:30:56]"GET /static/site/css/main.css HTTP/1.1" 200 3378
[28/Jun/2015 22:30:56]"GET /static/site/img/logo.png HTTP/1.1" 200 535
[28/Jun/2015 22:30:56]"GET /static/bootstrap/js/bootstrap.min.js HTTP/1.1" 200 27748
[28/Jun/2015 22:30:56]"GET /static/bootstrap/css/bootstrap.min.css HTTP/1.1" 200 125532
[28/Jun/2015 22:30:56]"GET /media/default_profile.png.30x30_q85_crop.png HTTP/1.1" 200 1006
[28/Jun/2015 22:30:57]"GET /static/site/ico/favicon.ico HTTP/1.1" 200 1367
[28/Jun/2015 22:32:09]"GET /about/ HTTP/1.1" 200 6993
[28/Jun/2015 22:32:09]"GET /static/site/css/main.css HTTP/1.1" 304 0
[28/Jun/2015 22:32:09]"GET /static/bootstrap/js/bootstrap.min.js HTTP/1.1" 304 0
[28/Jun/2015 22:32:09]"GET /static/bootstrap/css/bootstrap.min.css HTTP/1.1" 304 0
[28/Jun/2015 22:32:09]"GET /static/site/img/logo.png HTTP/1.1" 304 0
[28/Jun/2015 22:32:10]"GET /media/default_profile.png.30x30_q85_crop.png HTTP/1.1" 304 0
[28/Jun/2015 22:32:10]"GET /static/site/ico/favicon.ico HTTP/1.1" 200 1367
[28/Jun/2015 22:32:10]"GET /about/ HTTP/1.1" 200 6993
[28/Jun/2015 22:32:11]"GET /static/site/css/main.css HTTP/1.1" 200 3378
[28/Jun/2015 22:32:11]"GET /static/bootstrap/js/bootstrap.min.js HTTP/1.1" 200 27748
[28/Jun/2015 22:32:11]"GET /static/site/img/logo.png HTTP/1.1" 200 535
[28/Jun/2015 22:32:11]"GET /media/default_profile.png.30x30_q85_crop.png HTTP/1.1" 200 1006
[28/Jun/2015 22:32:11]"GET /static/bootstrap/css/bootstrap.min.css HTTP/1.1" 200 125532
[28/Jun/2015 22:32:12]"GET /static/site/ico/favicon.ico HTTP/1.1" 200 1367
[28/Jun/2015 22:42:08]"GET /about/ HTTP/1.1" 200 7015
[28/Jun/2015 22:42:08]"GET /static/site/css/main.css HTTP/1.1" 200 3378
[28/Jun/2015 22:42:08]"GET /static/bootstrap/js/bootstrap.min.js HTTP/1.1" 200 27748
[28/Jun/2015 22:42:08]"GET /static/site/img/logo.png HTTP/1.1" 200 535
[28/Jun/2015 22:42:08]"GET /media/default_profile.png.30x30_q85_crop.png HTTP/1.1" 200 1006
[28/Jun/2015 22:42:08]"GET /static/bootstrap/css/bootstrap.min.css HTTP/1.1" 200 125532
[28/Jun/2015 22:42:09]"GET /static/site/ico/favicon.ico HTTP/1.1" 200 1367
[28/Jun/2015 22:44:22]"GET /about/ HTTP/1.1" 200 6937
[28/Jun/2015 22:44:22]"GET /static/site/css/main.css HTTP/1.1" 200 3378
[28/Jun/2015 22:44:22]"GET /static/bootstrap/js/bootstrap.min.js HTTP/1.1" 200 27748
[28/Jun/2015 22:44:22]"GET /static/site/img/logo.png HTTP/1.1" 200 535
[28/Jun/2015 22:44:22]"GET /static/bootstrap/css/bootstrap.min.css HTTP/1.1" 200 125532
[28/Jun/2015 22:44:23]"GET /media/default_profile.png.30x30_q85_crop.png HTTP/1.1" 200 1006
[28/Jun/2015 22:44:23]"GET /static/site/ico/favicon.ico HTTP/1.1" 200 1367
[28/Jun/2015 22:45:29]"GET /about/ HTTP/1.1" 200 6938
[28/Jun/2015 22:45:29]"GET /static/site/css/main.css HTTP/1.1" 200 3378
[28/Jun/2015 22:45:29]"GET /static/bootstrap/js/bootstrap.min.js HTTP/1.1" 200 27748
[28/Jun/2015 22:45:29]"GET /static/site/img/logo.png HTTP/1.1" 200 535
[28/Jun/2015 22:45:29]"GET /media/default_profile.png.30x30_q85_crop.png HTTP/1.1" 200 1006
[28/Jun/2015 22:45:29]"GET /static/bootstrap/css/bootstrap.min.css HTTP/1.1" 200 125532
[28/Jun/2015 22:45:30]"GET /static/site/ico/favicon.ico HTTP/1.1" 200 1367
[28/Jun/2015 22:45:48]"GET /about/ HTTP/1.1" 200 6937
[28/Jun/2015 22:45:48]"GET /static/bootstrap/js/bootstrap.min.js HTTP/1.1" 200 27748
[28/Jun/2015 22:45:48]"GET /static/site/css/main.css HTTP/1.1" 200 3378
[28/Jun/2015 22:45:48]"GET /static/site/img/logo.png HTTP/1.1" 200 535
[28/Jun/2015 22:45:49]"GET /media/default_profile.png.30x30_q85_crop.png HTTP/1.1" 200 1006
[28/Jun/2015 22:45:49]"GET /static/bootstrap/css/bootstrap.min.css HTTP/1.1" 200 125532
[28/Jun/2015 22:45:49]"GET /static/site/ico/favicon.ico HTTP/1.1" 200 1367
[28/Jun/2015 22:45:52]"GET / HTTP/1.1" 200 4800
[28/Jun/2015 22:46:34]"GET / HTTP/1.1" 200 4799
[28/Jun/2015 22:46:34]"GET /static/site/css/main.css HTTP/1.1" 200 3378
[28/Jun/2015 22:46:34]"GET /static/site/js/site.js HTTP/1.1" 200 363
[28/Jun/2015 22:46:34]"GET /static/bootstrap/js/bootstrap.min.js HTTP/1.1" 200 27748
[28/Jun/2015 22:46:34]"GET /static/site/img/logo.png HTTP/1.1" 200 535
[28/Jun/2015 22:46:34]"GET /static/bootstrap/css/bootstrap.min.css HTTP/1.1" 200 125532
[28/Jun/2015 22:46:34]"GET /media/default_profile.png.30x30_q85_crop.png HTTP/1.1" 200 1006
[28/Jun/2015 22:46:35]"GET /static/site/img/banner.jpg HTTP/1.1" 200 120347
[28/Jun/2015 22:46:35]"GET /static/site/ico/favicon.ico HTTP/1.1" 200 1367
[28/Jun/2015 22:48:02]"GET /about/ HTTP/1.1" 200 6937
[28/Jun/2015 22:48:37]"GET /about/ HTTP/1.1" 200 6937
[28/Jun/2015 22:48:37]"GET /static/site/css/main.css HTTP/1.1" 200 3378
[28/Jun/2015 22:48:37]"GET /static/bootstrap/js/bootstrap.min.js HTTP/1.1" 200 27748
[28/Jun/2015 22:48:37]"GET /static/site/img/logo.png HTTP/1.1" 200 535
[28/Jun/2015 22:48:37]"GET /media/default_profile.png.30x30_q85_crop.png HTTP/1.1" 200 1006
[28/Jun/2015 22:48:37]"GET /static/bootstrap/css/bootstrap.min.css HTTP/1.1" 200 125532
[28/Jun/2015 22:48:38]"GET /static/site/ico/favicon.ico HTTP/1.1" 200 1367
[28/Jun/2015 22:49:18]"GET / HTTP/1.1" 200 4309
[28/Jun/2015 22:49:19]"GET /static/site/css/main.css HTTP/1.1" 200 3378
[28/Jun/2015 22:49:19]"GET /static/bootstrap/js/bootstrap.min.js HTTP/1.1" 200 27748
[28/Jun/2015 22:49:19]"GET /static/site/js/site.js HTTP/1.1" 200 363
[28/Jun/2015 22:49:19]"GET /static/site/img/logo.png HTTP/1.1" 200 535
[28/Jun/2015 22:49:19]"GET /static/bootstrap/css/bootstrap.min.css HTTP/1.1" 200 125532
[28/Jun/2015 22:49:21]"GET /static/site/img/banner.jpg HTTP/1.1" 200 120347
[28/Jun/2015 22:49:21]"GET /static/site/ico/favicon.ico HTTP/1.1" 200 1367
[28/Jun/2015 22:49:41]"GET / HTTP/1.1" 200 4309
[28/Jun/2015 22:49:42]"GET / HTTP/1.1" 200 4309
[28/Jun/2015 22:49:42]"GET /static/bootstrap/css/bootstrap.min.css HTTP/1.1" 304 0
[28/Jun/2015 22:49:42]"GET /static/site/css/main.css HTTP/1.1" 304 0
[28/Jun/2015 22:49:42]"GET /static/bootstrap/js/bootstrap.min.js HTTP/1.1" 304 0
[28/Jun/2015 22:49:42]"GET /static/site/img/logo.png HTTP/1.1" 304 0
[28/Jun/2015 22:49:42]"GET /static/site/js/site.js HTTP/1.1" 304 0
[28/Jun/2015 22:49:42]"GET /static/bootstrap/js/bootstrap.min.js HTTP/1.1" 200 27748
[28/Jun/2015 22:49:42]"GET /static/site/js/site.js HTTP/1.1" 200 363
[28/Jun/2015 22:49:42]"GET /static/site/img/logo.png HTTP/1.1" 200 535
[28/Jun/2015 22:49:42]"GET /static/bootstrap/css/bootstrap.min.css HTTP/1.1" 200 125532
[28/Jun/2015 22:49:42]"GET /static/site/css/main.css HTTP/1.1" 200 3378
[28/Jun/2015 22:49:43]"GET /static/site/img/banner.jpg HTTP/1.1" 304 0
[28/Jun/2015 22:49:43]"GET /static/site/ico/favicon.ico HTTP/1.1" 200 1367
[28/Jun/2015 22:49:44]"GET /signup/ HTTP/1.1" 200 3913
[28/Jun/2015 22:49:44]"GET /static/site/img/banner.jpg HTTP/1.1" 200 120347
[28/Jun/2015 22:49:45]"GET / HTTP/1.1" 200 4309
[28/Jun/2015 22:49:52]"GET /static/site/ico/favicon.ico HTTP/1.1" 200 1367
[28/Jun/2015 22:50:01]"GET /about/ HTTP/1.1" 200 6344
[28/Jun/2015 22:50:03]"GET / HTTP/1.1" 200 4309
[28/Jun/2015 22:50:19]"GET /signup/ HTTP/1.1" 200 3913
[28/Jun/2015 22:50:39]"GET /signup/ HTTP/1.1" 200 3913
[28/Jun/2015 22:50:40]"GET /static/bootstrap/css/bootstrap.min.css HTTP/1.1" 304 0
[28/Jun/2015 22:50:40]"GET /static/bootstrap/js/bootstrap.min.js HTTP/1.1" 304 0
[28/Jun/2015 22:50:40]"GET /static/site/css/main.css HTTP/1.1" 304 0
[28/Jun/2015 22:50:41]"GET /login/ HTTP/1.1" 200 3539
[28/Jun/2015 22:50:46]"GET / HTTP/1.1" 200 4309
[28/Jun/2015 22:50:48]"GET / HTTP/1.1" 200 4799
[28/Jun/2015 22:52:39]"GET / HTTP/1.1" 200 4799
[28/Jun/2015 22:52:39]"GET /static/site/css/main.css HTTP/1.1" 200 3378
[28/Jun/2015 22:52:39]"GET /static/bootstrap/js/bootstrap.min.js HTTP/1.1" 200 27748
[28/Jun/2015 22:52:39]"GET /static/site/js/site.js HTTP/1.1" 200 363
[28/Jun/2015 22:52:39]"GET /static/site/img/logo.png HTTP/1.1" 200 535
[28/Jun/2015 22:52:39]"GET /media/default_profile.png.30x30_q85_crop.png HTTP/1.1" 200 1006
[28/Jun/2015 22:52:39]"GET /static/bootstrap/css/bootstrap.min.css HTTP/1.1" 200 125532
[28/Jun/2015 22:52:40]"GET /static/site/img/banner.jpg HTTP/1.1" 200 120347
[28/Jun/2015 22:52:40]"GET /static/site/ico/favicon.ico HTTP/1.1" 200 1367
[28/Jun/2015 23:11:22]"GET / HTTP/1.1" 200 4808
[28/Jun/2015 23:11:22]"GET /static/site/css/main.css HTTP/1.1" 200 3378
[28/Jun/2015 23:11:22]"GET /static/site/js/site.js HTTP/1.1" 200 363
[28/Jun/2015 23:11:22]"GET /static/site/img/logo.png HTTP/1.1" 200 535
[28/Jun/2015 23:11:22]"GET /static/bootstrap/js/bootstrap.min.js HTTP/1.1" 200 27748
[28/Jun/2015 23:11:22]"GET /media/default_profile.png.30x30_q85_crop.png HTTP/1.1" 200 1006
[28/Jun/2015 23:11:22]"GET /static/bootstrap/css/bootstrap.min.css HTTP/1.1" 200 125532
[28/Jun/2015 23:11:23]"GET /static/site/img/banner.jpg HTTP/1.1" 200 120347
[28/Jun/2015 23:11:23]"GET /static/site/ico/favicon.ico HTTP/1.1" 200 1367
[28/Jun/2015 23:11:38]"GET / HTTP/1.1" 200 4820
[28/Jun/2015 23:11:38]"GET /static/site/css/main.css HTTP/1.1" 200 3378
[28/Jun/2015 23:11:38]"GET /static/site/js/site.js HTTP/1.1" 200 363
[28/Jun/2015 23:11:38]"GET /static/bootstrap/js/bootstrap.min.js HTTP/1.1" 200 27748
[28/Jun/2015 23:11:38]"GET /static/site/img/logo.png HTTP/1.1" 200 535
[28/Jun/2015 23:11:38]"GET /media/default_profile.png.30x30_q85_crop.png HTTP/1.1" 200 1006
[28/Jun/2015 23:11:38]"GET /static/bootstrap/css/bootstrap.min.css HTTP/1.1" 200 125532
[28/Jun/2015 23:11:39]"GET /static/site/img/banner.jpg HTTP/1.1" 200 120347
[28/Jun/2015 23:11:39]"GET /static/site/ico/favicon.ico HTTP/1.1" 200 1367
[28/Jun/2015 23:11:47]"GET /about/ HTTP/1.1" 200 6958
[28/Jun/2015 23:11:57]"GET / HTTP/1.1" 200 4820
[28/Jun/2015 23:12:09]"GET /users/me HTTP/1.1" 200 5100
[28/Jun/2015 23:12:09]"GET /static/bootstrap/fonts/glyphicons-halflings-regular.woff2 HTTP/1.1" 200 18028
[28/Jun/2015 23:12:11]"GET / HTTP/1.1" 200 4820
[28/Jun/2015 23:20:50]"GET / HTTP/1.1" 200 4820
[28/Jun/2015 23:20:50]"GET /static/site/css/main.css HTTP/1.1" 200 3378
[28/Jun/2015 23:20:50]"GET /static/bootstrap/js/bootstrap.min.js HTTP/1.1" 200 27748
[28/Jun/2015 23:20:50]"GET /static/site/img/logo.png HTTP/1.1" 200 535
[28/Jun/2015 23:20:50]"GET /static/site/js/site.js HTTP/1.1" 200 363
[28/Jun/2015 23:20:51]"GET /media/default_profile.png.30x30_q85_crop.png HTTP/1.1" 200 1006
[28/Jun/2015 23:20:51]"GET /static/bootstrap/css/bootstrap.min.css HTTP/1.1" 200 125532
[28/Jun/2015 23:20:52]"GET /static/site/img/banner.jpg HTTP/1.1" 200 120347
[28/Jun/2015 23:20:52]"GET /static/site/ico/favicon.ico HTTP/1.1" 200 1367
[29/Jun/2015 00:31:59]"GET / HTTP/1.1" 200 4820
[29/Jun/2015 01:08:16]"GET / HTTP/1.1" 200 4820
[29/Jun/2015 01:08:16]"GET /about/ HTTP/1.1" 200 6958
[29/Jun/2015 01:08:27]"GET / HTTP/1.1" 200 4820
[29/Jun/2015 03:30:04]"GET / HTTP/1.1" 200 4330
[29/Jun/2015 03:30:04]"GET /static/site/ico/favicon.ico HTTP/1.1" 200 1367
[29/Jun/2015 04:46:33]"GET / HTTP/1.1" 200 4820
[29/Jun/2015 04:46:47]"GET /signup/ HTTP/1.1" 302 0
[29/Jun/2015 04:46:47]"GET /users/me HTTP/1.1" 200 5100
[29/Jun/2015 04:46:53]"GET / HTTP/1.1" 200 4820
[29/Jun/2015 04:46:58]"GET /about/ HTTP/1.1" 200 6958
[29/Jun/2015 04:47:34]"GET / HTTP/1.1" 200 4820
[29/Jun/2015 16:23:59]"GET / HTTP/1.1" 200 4330
[29/Jun/2015 16:24:00]"GET /static/site/css/main.css HTTP/1.1" 200 3378
[29/Jun/2015 16:24:00]"GET /static/bootstrap/js/bootstrap.min.js HTTP/1.1" 200 27748
[29/Jun/2015 16:24:00]"GET /static/site/js/site.js HTTP/1.1" 200 363
[29/Jun/2015 16:24:00]"GET /static/site/img/logo.png HTTP/1.1" 200 535
[29/Jun/2015 16:24:00]"GET /static/bootstrap/css/bootstrap.min.css HTTP/1.1" 200 125532
[29/Jun/2015 16:24:01]"GET /static/site/img/banner.jpg HTTP/1.1" 200 120347
[29/Jun/2015 16:24:04]"GET /static/site/ico/favicon.ico HTTP/1.1" 200 1367
[29/Jun/2015 16:24:13]"GET /signup/ HTTP/1.1" 200 3920
[29/Jun/2015 16:24:16]"GET / HTTP/1.1" 200 4330
[29/Jun/2015 16:24:17]"GET /about/ HTTP/1.1" 200 6365
[29/Jun/2015 16:24:30]"GET / HTTP/1.1" 200 4330
[29/Jun/2015 16:24:35]"GET /login/ HTTP/1.1" 200 3546
[01/Jul/2015 02:21:04]"GET / HTTP/1.1" 200 4330
[01/Jul/2015 02:21:04]"GET /static/site/ico/favicon.ico HTTP/1.1" 200 1367
[01/Jul/2015 09:50:02]"GET /manager/html HTTP/1.1" 404 3902
[02/Jul/2015 01:48:47]code 400, message Bad request version ('\xc0')
You're accessing the development server over HTTPS, but it only supports HTTP.
[02/Jul/2015 01:48:48]"GET //vtigercrm/vtigerservice.php HTTP/1.1" 404 3950
[02/Jul/2015 02:24:07]"GET / HTTP/1.1" 200 4330
[02/Jul/2015 02:24:07]"GET /static/site/ico/favicon.ico HTTP/1.1" 200 1367
[03/Jul/2015 03:45:46]"GET / HTTP/1.1" 200 4330
[03/Jul/2015 03:45:46]"GET /static/site/ico/favicon.ico HTTP/1.1" 200 1367
[03/Jul/2015 18:56:54]"GET /static/site/ico/favicon.ico HTTP/1.1" 200 1367
[04/Jul/2015 01:10:57]"GET / HTTP/1.1" 200 4820
[04/Jul/2015 01:10:57]"GET /static/bootstrap/css/bootstrap.min.css HTTP/1.1" 304 0
[04/Jul/2015 01:10:57]"GET /static/site/css/main.css HTTP/1.1" 304 0
[04/Jul/2015 01:10:57]"GET /static/bootstrap/js/bootstrap.min.js HTTP/1.1" 304 0
[04/Jul/2015 01:10:57]"GET /static/site/js/site.js HTTP/1.1" 304 0
[04/Jul/2015 01:10:57]"GET /static/site/img/logo.png HTTP/1.1" 304 0
[04/Jul/2015 01:10:58]"GET /media/default_profile.png.30x30_q85_crop.png HTTP/1.1" 304 0
[04/Jul/2015 01:10:58]"GET /static/site/img/banner.jpg HTTP/1.1" 304 0
